augsuto - (24/01/2023 19:23:26) : caracter inválido digitado
123.456.789-10 - (24/01/2023 19:24:10) : 1º dígito inválido
111.444.777-36 - (24/01/2023 19:24:31) : 2º dígito inválido
123.145.64- - (24/01/2023 19:26:43) : 1º dígito inválido
123asdf - (24/01/2023 19:27:27) : caracter inválido digitado
asdfasdf - (24/01/2023 19:29:34) : caracter inválido digitado
111.444.777-315 - (24/01/2023 20:25:51) : quantidade de traços, ponto ou números inválido
123.456.799-87 - (24/01/2023 20:26:29) : 1º dígito inválido
111222444555 - (24/01/2023 20:26:29) : de alguma forma, foi enviado um número!
111.444.777-15 - (24/01/2023 20:26:32) : 1º dígito inválido
.........-- - (24/01/2023 20:26:32) : quantidade de traços, ponto ou números inválido
123.456.789-8 - (24/01/2023 20:26:33) : 1º dígito inválido
111.444.777-315 - (27/01/2023 15:17:41) : quantidade de traços, ponto ou números inválido
123.456.799-87 - (27/01/2023 15:17:41) : 1º dígito inválido
111222444555 - (27/01/2023 15:17:41) : de alguma forma, foi enviado um número!
111.444.777-15 - (27/01/2023 15:17:41) : 1º dígito inválido
.........-- - (27/01/2023 15:17:41) : quantidade de traços, ponto ou números inválido
123.456.789-8 - (27/01/2023 15:17:41) : 1º dígito inválido
111.444.777-36 - (27/01/2023 15:17:41) : 1º dígito inválido
111.444.777-35 - (27/01/2023 15:17:41) : 1º dígito inválido
111.444.777-35 - (27/01/2023 15:17:41) : 1º dígito inválido
111.444.777-35 - (27/01/2023 15:17:41) : 1º dígito inválido
111.444.777-35 - (27/01/2023 15:17:41) : 1º dígito inválido
111.444.777-315 - (27/01/2023 15:18:25) : quantidade de traços, ponto ou números inválido
123.456.799-87 - (27/01/2023 15:18:25) : 1º dígito inválido
111222444555 - (27/01/2023 15:18:25) : de alguma forma, foi enviado um número!
111.444.777-15 - (27/01/2023 15:18:25) : 1º dígito inválido
.........-- - (27/01/2023 15:18:25) : quantidade de traços, ponto ou números inválido
123.456.789-8 - (27/01/2023 15:18:25) : 1º dígito inválido
111.444.777-36 - (27/01/2023 15:18:25) : 1º dígito inválido
111.444.777-35 - (27/01/2023 15:18:25) : 1º dígito inválido
111.444.777-35 - (27/01/2023 15:18:25) : 1º dígito inválido
111.444.777-35 - (27/01/2023 15:18:25) : 1º dígito inválido
111.444.777-35 - (27/01/2023 15:18:25) : 1º dígito inválido
111.444.777-315 - (27/01/2023 15:20:00) : quantidade de traços, ponto ou números inválido
123.456.799-87 - (27/01/2023 15:20:00) : 1º dígito inválido
111222444555 - (27/01/2023 15:20:00) : de alguma forma, foi enviado um número!
111.444.777-15 - (27/01/2023 15:20:00) : 1º dígito inválido
.........-- - (27/01/2023 15:20:00) : quantidade de traços, ponto ou números inválido
123.456.789-8 - (27/01/2023 15:20:00) : 1º dígito inválido
111.444.777-36 - (27/01/2023 15:20:00) : 2º dígito inválido
111.444.777-315 - (27/01/2023 17:48:01) : quantidade de traços, ponto ou números inválido
111.444.777-315 - (27/01/2023 17:48:48) : quantidade de traços, ponto ou números inválido
111.444.777-315 - (27/01/2023 17:49:31) : quantidade de traços, ponto ou números inválido
111.444.777-315 - (27/01/2023 17:49:36) : quantidade de traços, ponto ou números inválido
111.444.777-315 - (27/01/2023 17:50:12) : quantidade de traços, ponto ou números inválido
111.444.777-315 - (27/01/2023 17:50:54) : quantidade de traços, ponto ou números inválido
111.444.777-315 - (27/01/2023 17:58:03) : quantidade de traços, ponto ou números inválido
111.444.777-315 - (27/01/2023 17:59:33) : quantidade de traços, ponto ou números inválido
111.444.777-315 - (27/01/2023 18:01:11) : quantidade de traços, ponto ou números inválido
111.444.777-315 - (27/01/2023 18:01:21) : quantidade de traços, ponto ou números inválido
111222444555 - (27/01/2023 18:01:21) : quantidade de traços, ponto ou números inválido
111.444.777-315 - (27/01/2023 18:01:59) : quantidade de traços, ponto ou números inválido
111.444.777-315 - (27/01/2023 18:02:36) : quantidade de traços, ponto ou números inválido
111.444.777-315 - (27/01/2023 18:02:54) : quantidade de traços, ponto ou números inválido
111.444.777-315 - (27/01/2023 18:05:40) : quantidade de traços, ponto ou números inválido
111.444.777-315 - (27/01/2023 18:06:25) : quantidade de traços, ponto ou números inválido
111.444.777-315 - (27/01/2023 18:07:17) : quantidade de traços, ponto ou números inválido
111.444.777-315 - (27/01/2023 18:07:54) : quantidade de traços, ponto ou números inválido
111.444.777-315 - (27/01/2023 18:08:23) : quantidade de traços, ponto ou números inválido
111.444.777-315 - (27/01/2023 18:09:00) : quantidade de traços, ponto ou números inválido
111.444.777-315 - (27/01/2023 18:10:01) : quantidade de traços, ponto ou números inválido
111.444.777-315 - (27/01/2023 18:10:33) : quantidade de traços, ponto ou números inválido
111.444.777-315 - (27/01/2023 18:11:22) : quantidade de traços, ponto ou números inválido
111.444.777-315 - (27/01/2023 18:11:39) : quantidade de traços, ponto ou números inválido
111.444.777-315 - (27/01/2023 18:11:59) : quantidade de traços, ponto ou números inválido
111.444.777-315 - (27/01/2023 18:12:40) : quantidade de traços, ponto ou números inválido
111.444.777-315 - (27/01/2023 18:13:15) : quantidade de traços, ponto ou números inválido
111.444.777-315 - (27/01/2023 18:13:44) : quantidade de traços, ponto ou números inválido
111.444.777-315 - (27/01/2023 18:14:07) : quantidade de traços, ponto ou números inválido
111.444.777-315 - (27/01/2023 18:14:16) : quantidade de traços, ponto ou números inválido
111.444.777-315 - (27/01/2023 18:14:21) : quantidade de traços, ponto ou números inválido
111.444.777-315 - (27/01/2023 18:14:34) : quantidade de traços, ponto ou números inválido
111.444.777-315 - (27/01/2023 18:14:40) : quantidade de traços, ponto ou números inválido
111.444.777-315 - (27/01/2023 18:14:45) : quantidade de traços, ponto ou números inválido
123456799...87 - (27/01/2023 18:14:45) : quantidade de traços, ponto ou números inválido
111222444555 - (27/01/2023 18:14:45) : de alguma forma, foi enviado um número!
111.444.777-315 - (27/01/2023 18:14:56) : quantidade de traços, ponto ou números inválido
123456799...87 - (27/01/2023 18:14:56) : quantidade de traços, ponto ou números inválido
111222444555 - (27/01/2023 18:14:56) : de alguma forma, foi enviado um número!
111.444.777-315 - (27/01/2023 18:15:09) : quantidade de traços, ponto ou números inválido
111.444.777-315 - (27/01/2023 18:16:59) : quantidade de traços, ponto ou números inválido
111.444.777-315 - (27/01/2023 18:17:30) : quantidade de traços, ponto ou números inválido
111.444.777-315 - (27/01/2023 18:19:49) : quantidade de traços, ponto ou números inválido
111.444.777-315 - (27/01/2023 18:21:43) : quantidade de traços, ponto ou números inválido
111.444.777-315 - (27/01/2023 18:31:54) : quantidade de traços, ponto ou números inválido
123.456.799-87 - (27/01/2023 18:31:54) : 1º dígito inválido
111222444555 - (27/01/2023 18:31:54) : de alguma forma, foi enviado um número!
111.444.777-15 - (27/01/2023 18:31:54) : 1º dígito inválido
.........-- - (27/01/2023 18:31:54) : quantidade de traços, ponto ou números inválido
123.456.789-8 - (27/01/2023 18:31:54) : 1º dígito inválido
111.444.777-36 - (27/01/2023 18:31:54) : 2º dígito inválido
111.444.777-315 - (27/01/2023 18:32:03) : quantidade de traços, ponto ou números inválido
123.456.799-87 - (27/01/2023 18:32:03) : 1º dígito inválido
111222444555 - (27/01/2023 18:32:03) : de alguma forma, foi enviado um número!
111.444.777-15 - (27/01/2023 18:32:03) : 1º dígito inválido
.........-- - (27/01/2023 18:32:03) : quantidade de traços, ponto ou números inválido
123.456.789-8 - (27/01/2023 18:32:03) : 1º dígito inválido
111.444.777-36 - (27/01/2023 18:32:03) : 2º dígito inválido
111.444.777-315 - (27/01/2023 18:39:13) : quantidade de traços, ponto ou números inválido
111222444555 - (27/01/2023 18:39:13) : de alguma forma, foi enviado um número!
111.444.777-15 - (27/01/2023 18:39:13) : 1º dígito inválido
.........-- - (27/01/2023 18:39:13) : quantidade de traços, ponto ou números inválido
123.456.789-8 - (27/01/2023 18:39:13) : 1º dígito inválido
111.444.777-36 - (27/01/2023 18:39:13) : 2º dígito inválido
111.444.777-315 - (27/01/2023 20:05:36) : quantidade de traços, ponto ou números inválido
111.444.777-315 - (27/01/2023 20:08:45) : quantidade de traços, ponto ou números inválido
111222444555 - (27/01/2023 20:08:45) : de alguma forma, foi enviado um número!
111.444.777-15 - (27/01/2023 20:08:45) : 1º dígito inválido
.........-- - (27/01/2023 20:08:45) : quantidade de traços, ponto ou números inválido
123.456.789-8 - (27/01/2023 20:08:45) : 1º dígito inválido
111.444.777-36 - (27/01/2023 20:08:45) : 2º dígito inválido
